<?xml version="1.0" encoding="UTF-8"?>
<!-- Generated by org.testng.reporters.JUnitXMLReporter -->
<testsuite ignored="0" hostname="DESKTOP-BB34OQ0" failures="0" tests="8" name="Default test" time="100.149" errors="0" timestamp="2023-03-23T20:29:03 IST">
  <testcase classname="projectGreen.AdactinHotelApp" name="launchBrowserMethod" time="54.48"/>
  <testcase classname="projectGreen.AdactinHotelApp" name="launchApplicationMethod" time="8.074"/>
  <testcase classname="projectGreen.AdactinHotelApp" name="credentialPageApplicationMethod" time="4.415"/>
  <testcase classname="projectGreen.AdactinHotelApp" name="searchHotelPageMethod" time="4.544"/>
  <testcase classname="projectGreen.AdactinHotelApp" name="searchHotelSummaryPageMethod" time="3.982"/>
  <testcase classname="projectGreen.AdactinHotelApp" name="bookAHotelPageMethod" time="9.632"/>
  <testcase classname="projectGreen.AdactinHotelApp" name="bookingConfirmationMethod" time="1.467"/>
  <testcase classname="projectGreen.AdactinHotelApp" name="bookedItineraryMethod" time="12.676"/>
</testsuite> <!-- Default test -->
