<?xml version="1.0" encoding="UTF-8"?>
<!-- Generated by org.testng.reporters.JUnitXMLReporter -->
<testsuite ignored="0" hostname="ThivakarDeivendran" failures="0" tests="2" name="TestChrome" time="24.614" errors="0" timestamp="2023-11-12T19:49:43 IST">
  <testcase classname="projectGreen.TestNGAnnotationsCrossBrowserTest" name="loginMethod1" time="9.713"/>
  <testcase classname="projectGreen.TestNGAnnotationsCrossBrowserTest" name="loginMethod1" time="6.618"/>
</testsuite> <!-- TestChrome -->
