<?xml version="1.0" encoding="UTF-8"?>
<!-- Generated by org.testng.reporters.JUnitXMLReporter -->
<testsuite ignored="0" hostname="DESKTOP-BB34OQ0" failures="0" tests="8" name="Test" time="94.573" errors="0" timestamp="2023-02-21T21:15:18 IST">
  <testcase classname="projectGreen.AdactinHotelApp" name="launchBrowserMethod" time="48.691"/>
  <testcase classname="projectGreen.AdactinHotelApp" name="launchApplicationMethod" time="7.471"/>
  <testcase classname="projectGreen.AdactinHotelApp" name="credentialPageApplicationMethod" time="4.789"/>
  <testcase classname="projectGreen.AdactinHotelApp" name="searchHotelPageMethod" time="5.648"/>
  <testcase classname="projectGreen.AdactinHotelApp" name="searchHotelSummaryPageMethod" time="4.311"/>
  <testcase classname="projectGreen.AdactinHotelApp" name="bookAHotelPageMethod" time="7.763"/>
  <testcase classname="projectGreen.AdactinHotelApp" name="bookingConfirmationMethod" time="0.999"/>
  <testcase classname="projectGreen.AdactinHotelApp" name="bookedItineraryMethod" time="12.709"/>
</testsuite> <!-- Test -->
